2020-03-03 14:45:44,738 INFO [org.springframework.context.annotation.AnnotationConfigApplicationContext-590]- Refreshing org.springframework.context.annotation.AnnotationConfigApplicationContext@6913c1fb: startup date [Tue Mar 03 14:45:44 CST 2020]; root of context hierarchy
2020-03-03 14:45:45,085 INFO [org.springframework.beans.factory.annotation.AutowiredAnnotationBeanPostProcessor-154]- JSR-330 'javax.inject.Inject' annotation found and supported for autowiring
2020-03-03 14:45:45,155 INFO [org.springframework.context.support.PostProcessorRegistrationDelegate$BeanPostProcessorChecker-328]- Bean 'configurationPropertiesRebinderAutoConfiguration' of type [org.springframework.cloud.autoconfigure.ConfigurationPropertiesRebinderAutoConfiguration$$EnhancerBySpringCGLIB$$9bef045e] is not eligible for getting processed by all BeanPostProcessors (for example: not eligible for auto-proxying)
2020-03-03 14:45:46,020 INFO [com.alonginfo.psmpportal.PsmpPortalApplication-663]- The following profiles are active: dev
2020-03-03 14:45:46,036 INFO [org.springframework.boot.web.servlet.context.AnnotationConfigServletWebServerApplicationContext-590]- Refreshing org.springframework.boot.web.servlet.context.AnnotationConfigServletWebServerApplicationContext@1afdd473: startup date [Tue Mar 03 14:45:46 CST 2020]; parent: org.springframework.context.annotation.AnnotationConfigApplicationContext@6913c1fb
2020-03-03 14:45:47,055 INFO [org.springframework.data.repository.config.RepositoryConfigurationDelegate-163]- Multiple Spring Data modules found, entering strict repository configuration mode!
2020-03-03 14:45:47,505 INFO [org.springframework.cloud.context.scope.GenericScope-294]- BeanFactory id=1865559e-9a49-3ef9-bcb5-d86a8ba7041c
2020-03-03 14:45:47,532 INFO [org.springframework.beans.factory.annotation.AutowiredAnnotationBeanPostProcessor-154]- JSR-330 'javax.inject.Inject' annotation found and supported for autowiring
2020-03-03 14:45:47,679 INFO [org.springframework.context.support.PostProcessorRegistrationDelegate$BeanPostProcessorChecker-328]- Bean 'org.springframework.transaction.annotation.ProxyTransactionManagementConfiguration' of type [org.springframework.transaction.annotation.ProxyTransactionManagementConfiguration$$EnhancerBySpringCGLIB$$7fd50161] is not eligible for getting processed by all BeanPostProcessors (for example: not eligible for auto-proxying)
2020-03-03 14:45:47,811 INFO [org.springframework.context.support.PostProcessorRegistrationDelegate$BeanPostProcessorChecker-328]- Bean 'org.springframework.cloud.autoconfigure.ConfigurationPropertiesRebinderAutoConfiguration' of type [org.springframework.cloud.autoconfigure.ConfigurationPropertiesRebinderAutoConfiguration$$EnhancerBySpringCGLIB$$9bef045e] is not eligible for getting processed by all BeanPostProcessors (for example: not eligible for auto-proxying)
2020-03-03 14:45:48,210 INFO [org.springframework.boot.web.embedded.tomcat.TomcatWebServer-91]- Tomcat initialized with port(s): 8081 (http)
2020-03-03 14:45:48,231 INFO [org.apache.coyote.http11.Http11NioProtocol-180]- Initializing ProtocolHandler ["http-nio-8081"]
2020-03-03 14:45:48,245 INFO [org.apache.catalina.core.StandardService-180]- Starting service [Tomcat]
2020-03-03 14:45:48,245 INFO [org.apache.catalina.core.StandardEngine-180]- Starting Servlet Engine: Apache Tomcat/8.5.31
2020-03-03 14:45:48,250 INFO [org.apache.catalina.core.AprLifecycleListener-180]- The APR based Apache Tomcat Native library which allows optimal performance in production environments was not found on the java.library.path: [C:\Program Files\Java\jdk1.8.0_202\bin;C:\WINDOWS\Sun\Java\bin;C:\WINDOWS\system32;C:\WINDOWS;C:\WINDOWS\system32;C:\WINDOWS;C:\WINDOWS\System32\Wbem;C:\WINDOWS\System32\WindowsPowerShell\v1.0\;C:\Program Files\Java\jdk1.8.0_202\bin;C:\Program Files\Java\jdk1.8.0_202\jre\bin;C:\Program Files\TortoiseSVN\bin;C:\WINDOWS\System32\OpenSSH\;C:\hwn\software\nodejs\;C:\hwn\software\mysql-5.7.29-winx64\bin;.]
2020-03-03 14:45:48,571 INFO [org.apache.catalina.core.ContainerBase.[Tomcat].[localhost].[/portal]-180]- Initializing Spring embedded WebApplicationContext
2020-03-03 14:45:48,571 INFO [org.springframework.web.context.ContextLoader-285]- Root WebApplicationContext: initialization completed in 2535 ms
2020-03-03 14:45:48,890 INFO [org.springframework.boot.web.servlet.ServletRegistrationBean-186]- Servlet dispatcherServlet mapped to [/]
2020-03-03 14:45:48,900 INFO [org.springframework.boot.web.servlet.FilterRegistrationBean-245]- Mapping filter: 'characterEncodingFilter' to: [/*]
2020-03-03 14:45:48,905 INFO [org.springframework.boot.web.servlet.FilterRegistrationBean-245]- Mapping filter: 'hiddenHttpMethodFilter' to: [/*]
2020-03-03 14:45:48,905 INFO [org.springframework.boot.web.servlet.FilterRegistrationBean-245]- Mapping filter: 'httpPutFormContentFilter' to: [/*]
2020-03-03 14:45:48,905 INFO [org.springframework.boot.web.servlet.FilterRegistrationBean-245]- Mapping filter: 'requestContextFilter' to: [/*]
2020-03-03 14:45:49,398 ERROR [com.alibaba.druid.pool.DruidDataSource-1087]- testWhileIdle is true, validationQuery not set
2020-03-03 14:45:49,410 INFO [com.alibaba.druid.pool.DruidDataSource-947]- {dataSource-1} inited
2020-03-03 14:45:49,879 WARN [com.baomidou.mybatisplus.toolkit.JdbcUtils-70]- The jdbcUrl is jdbc:dm://localhost:5236/D5000?useUnicode=true&characterEncoding=utf8&zeroDateTimeBehavior=convertToNull&useSSL=true&serverTimezone=GMT%2B8, Mybatis Plus Cannot Read Database type or The Database's Not Supported!
2020-03-03 14:45:50,035 WARN [com.baomidou.mybatisplus.toolkit.TableInfoHelper-192]- Warn: Could not find @TableId in Class: com.alonginfo.psmpportal.bannerGL.model.BannerGL.
2020-03-03 14:45:50,035 WARN [com.baomidou.mybatisplus.mapper.AutoSqlInjector-145]- class com.alonginfo.psmpportal.bannerGL.model.BannerGL ,Not found @TableId annotation, Cannot use Mybatis-Plus 'xxById' Method.
2020-03-03 14:45:50,098 WARN [com.baomidou.mybatisplus.toolkit.TableInfoHelper-192]- Warn: Could not find @TableId in Class: com.alonginfo.psmpportal.caseGL.model.CaseGL.
2020-03-03 14:45:50,098 WARN [com.baomidou.mybatisplus.mapper.AutoSqlInjector-145]- class com.alonginfo.psmpportal.caseGL.model.CaseGL ,Not found @TableId annotation, Cannot use Mybatis-Plus 'xxById' Method.
2020-03-03 14:45:50,160 WARN [com.baomidou.mybatisplus.toolkit.TableInfoHelper-192]- Warn: Could not find @TableId in Class: com.alonginfo.psmpportal.informationMgt.model.InformationMgt.
2020-03-03 14:45:50,160 WARN [com.baomidou.mybatisplus.mapper.AutoSqlInjector-145]- class com.alonginfo.psmpportal.informationMgt.model.InformationMgt ,Not found @TableId annotation, Cannot use Mybatis-Plus 'xxById' Method.
2020-03-03 14:45:50,790 WARN [com.netflix.config.sources.URLConfigurationSource-121]- No URLs will be polled as dynamic configuration sources.
2020-03-03 14:45:50,790 INFO [com.netflix.config.sources.URLConfigurationSource-122]- To enable URLs as dynamic configuration sources, define System property archaius.configurationSource.additionalUrls or make config.properties available on classpath.
2020-03-03 14:45:50,796 WARN [com.netflix.config.sources.URLConfigurationSource-121]- No URLs will be polled as dynamic configuration sources.
2020-03-03 14:45:50,796 INFO [com.netflix.config.sources.URLConfigurationSource-122]- To enable URLs as dynamic configuration sources, define System property archaius.configurationSource.additionalUrls or make config.properties available on classpath.
2020-03-03 14:45:50,895 INFO [org.springframework.web.servlet.handler.SimpleUrlHandlerMapping-373]- Mapped URL path [/**/favicon.ico] onto handler of type [class org.springframework.web.servlet.resource.ResourceHttpRequestHandler]
2020-03-03 14:45:51,115 INFO [org.springframework.web.servlet.mvc.method.annotation.RequestMappingHandlerAdapter-574]- Looking for @ControllerAdvice: org.springframework.boot.web.servlet.context.AnnotationConfigServletWebServerApplicationContext@1afdd473: startup date [Tue Mar 03 14:45:46 CST 2020]; parent: org.springframework.context.annotation.AnnotationConfigApplicationContext@6913c1fb
2020-03-03 14:45:51,130 INFO [org.springframework.web.servlet.mvc.method.annotation.RequestMappingHandlerAdapter-610]- Detected ResponseBodyAdvice bean in responseJsonAdvice
2020-03-03 14:45:51,194 INFO [org.springframework.web.servlet.mvc.method.annotation.RequestMappingHandlerMapping-547]- Mapped "{[/banners/{id}],methods=[GET]}" onto public com.alonginfo.psmpportal.bannerGL.model.BannerGL com.alonginfo.psmpportal.bannerGL.controller.BannerGLController.queryOneBanner(java.lang.String)
2020-03-03 14:45:51,194 INFO [org.springframework.web.servlet.mvc.method.annotation.RequestMappingHandlerMapping-547]- Mapped "{[/banners/{id}],methods=[DELETE]}" onto public int com.alonginfo.psmpportal.bannerGL.controller.BannerGLController.deleteBanner(java.lang.String)
2020-03-03 14:45:51,194 INFO [org.springframework.web.servlet.mvc.method.annotation.RequestMappingHandlerMapping-547]- Mapped "{[/banners],methods=[GET]}" onto public java.util.Map<java.lang.String, java.lang.Object> com.alonginfo.psmpportal.bannerGL.controller.BannerGLController.queryList(java.lang.Integer,java.lang.Integer,com.alonginfo.psmpportal.bannerGL.model.BannerGL)
2020-03-03 14:45:51,194 INFO [org.springframework.web.servlet.mvc.method.annotation.RequestMappingHandlerMapping-547]- Mapped "{[/banners],methods=[PUT]}" onto public int com.alonginfo.psmpportal.bannerGL.controller.BannerGLController.updateBanner(com.alonginfo.psmpportal.bannerGL.model.BannerGL)
2020-03-03 14:45:51,194 INFO [org.springframework.web.servlet.mvc.method.annotation.RequestMappingHandlerMapping-547]- Mapped "{[/banners],methods=[POST]}" onto public int com.alonginfo.psmpportal.bannerGL.controller.BannerGLController.createBanner(com.alonginfo.psmpportal.bannerGL.model.BannerGL)
2020-03-03 14:45:51,194 INFO [org.springframework.web.servlet.mvc.method.annotation.RequestMappingHandlerMapping-547]- Mapped "{[/banners],methods=[DELETE]}" onto public int com.alonginfo.psmpportal.bannerGL.controller.BannerGLController.deleteBanners(java.lang.String[])
2020-03-03 14:45:51,194 INFO [org.springframework.web.servlet.mvc.method.annotation.RequestMappingHandlerMapping-547]- Mapped "{[/bannerUploads],methods=[POST],consumes=[multipart/form-data]}" onto public java.util.Map<java.lang.String, java.lang.String> com.alonginfo.psmpportal.bannerGL.controller.BannerGLController.upload(org.springframework.web.multipart.MultipartFile)
2020-03-03 14:45:51,194 INFO [org.springframework.web.servlet.mvc.method.annotation.RequestMappingHandlerMapping-547]- Mapped "{[/cases],methods=[GET]}" onto public java.util.Map<java.lang.String, java.lang.Object> com.alonginfo.psmpportal.caseGL.controller.CaseGLController.queryList(java.lang.Integer,java.lang.Integer,com.alonginfo.psmpportal.caseGL.model.CaseGL)
2020-03-03 14:45:51,194 INFO [org.springframework.web.servlet.mvc.method.annotation.RequestMappingHandlerMapping-547]- Mapped "{[/caseUploads],methods=[POST],consumes=[multipart/form-data]}" onto public java.util.Map<java.lang.String, java.lang.String> com.alonginfo.psmpportal.caseGL.controller.CaseGLController.upload(org.springframework.web.multipart.MultipartFile)
2020-03-03 14:45:51,194 INFO [org.springframework.web.servlet.mvc.method.annotation.RequestMappingHandlerMapping-547]- Mapped "{[/cases/{id}],methods=[GET]}" onto public com.alonginfo.psmpportal.caseGL.model.CaseGL com.alonginfo.psmpportal.caseGL.controller.CaseGLController.queryOneCase(java.lang.String)
2020-03-03 14:45:51,194 INFO [org.springframework.web.servlet.mvc.method.annotation.RequestMappingHandlerMapping-547]- Mapped "{[/cases],methods=[DELETE]}" onto public int com.alonginfo.psmpportal.caseGL.controller.CaseGLController.deleteCase(java.lang.String[])
2020-03-03 14:45:51,194 INFO [org.springframework.web.servlet.mvc.method.annotation.RequestMappingHandlerMapping-547]- Mapped "{[/cases/{id}],methods=[DELETE]}" onto public int com.alonginfo.psmpportal.caseGL.controller.CaseGLController.deleteCase(java.lang.String)
2020-03-03 14:45:51,194 INFO [org.springframework.web.servlet.mvc.method.annotation.RequestMappingHandlerMapping-547]- Mapped "{[/cases],methods=[POST]}" onto public int com.alonginfo.psmpportal.caseGL.controller.CaseGLController.createCase(com.alonginfo.psmpportal.caseGL.model.CaseGL)
2020-03-03 14:45:51,194 INFO [org.springframework.web.servlet.mvc.method.annotation.RequestMappingHandlerMapping-547]- Mapped "{[/cases],methods=[PUT]}" onto public int com.alonginfo.psmpportal.caseGL.controller.CaseGLController.updateCase(com.alonginfo.psmpportal.caseGL.model.CaseGL)
2020-03-03 14:45:51,210 INFO [org.springframework.web.servlet.mvc.method.annotation.RequestMappingHandlerMapping-547]- Mapped "{[/test]}" onto public java.lang.String com.alonginfo.psmpportal.controller.TestController.test()
2020-03-03 14:45:51,210 INFO [org.springframework.web.servlet.mvc.method.annotation.RequestMappingHandlerMapping-547]- Mapped "{[/informations],methods=[PUT]}" onto public int com.alonginfo.psmpportal.informationMgt.controller.InformationMgtController.updateInformation(com.alonginfo.psmpportal.informationMgt.model.InformationMgt)
2020-03-03 14:45:51,210 INFO [org.springframework.web.servlet.mvc.method.annotation.RequestMappingHandlerMapping-547]- Mapped "{[/informations],methods=[POST]}" onto public int com.alonginfo.psmpportal.informationMgt.controller.InformationMgtController.createInformation(com.alonginfo.psmpportal.informationMgt.model.InformationMgt)
2020-03-03 14:45:51,210 INFO [org.springframework.web.servlet.mvc.method.annotation.RequestMappingHandlerMapping-547]- Mapped "{[/informations/{id}],methods=[DELETE]}" onto public int com.alonginfo.psmpportal.informationMgt.controller.InformationMgtController.deleteInformation(java.lang.String)
2020-03-03 14:45:51,210 INFO [org.springframework.web.servlet.mvc.method.annotation.RequestMappingHandlerMapping-547]- Mapped "{[/informations],methods=[DELETE]}" onto public int com.alonginfo.psmpportal.informationMgt.controller.InformationMgtController.deleteInformations(java.lang.String[])
2020-03-03 14:45:51,210 INFO [org.springframework.web.servlet.mvc.method.annotation.RequestMappingHandlerMapping-547]- Mapped "{[/informations],methods=[GET]}" onto public java.util.Map<java.lang.String, java.lang.Object> com.alonginfo.psmpportal.informationMgt.controller.InformationMgtController.queryList(java.lang.Integer,java.lang.Integer,com.alonginfo.psmpportal.informationMgt.model.InformationMgt)
2020-03-03 14:45:51,210 INFO [org.springframework.web.servlet.mvc.method.annotation.RequestMappingHandlerMapping-547]- Mapped "{[/informationUploads],methods=[POST],consumes=[multipart/form-data]}" onto public java.util.Map<java.lang.String, java.lang.String> com.alonginfo.psmpportal.informationMgt.controller.InformationMgtController.upload(org.springframework.web.multipart.MultipartFile)
2020-03-03 14:45:51,210 INFO [org.springframework.web.servlet.mvc.method.annotation.RequestMappingHandlerMapping-547]- Mapped "{[/informations/{id}],methods=[GET]}" onto public com.alonginfo.psmpportal.informationMgt.model.InformationMgt com.alonginfo.psmpportal.informationMgt.controller.InformationMgtController.queryDetail(java.lang.String)
2020-03-03 14:45:51,210 INFO [org.springframework.web.servlet.mvc.method.annotation.RequestMappingHandlerMapping-547]- Mapped "{[/menus/{value}],methods=[GET]}" onto public java.util.List<com.alonginfo.psmpportal.menuGL.model.Menu> com.alonginfo.psmpportal.menuGL.controller.MenuController.queryList(java.lang.Integer)
2020-03-03 14:45:51,210 INFO [org.springframework.web.servlet.mvc.method.annotation.RequestMappingHandlerMapping-547]- Mapped "{[/jcttss],methods=[DELETE]}" onto public int com.alonginfo.psmpportal.ZlxxGL.controller.JcttsController.deletejcttss(java.lang.String[])
2020-03-03 14:45:51,210 INFO [org.springframework.web.servlet.mvc.method.annotation.RequestMappingHandlerMapping-547]- Mapped "{[/jcttss],methods=[GET]}" onto public java.util.Map<java.lang.String, java.lang.Object> com.alonginfo.psmpportal.ZlxxGL.controller.JcttsController.queryList(java.lang.Integer,java.lang.Integer,com.alonginfo.psmpportal.ZlxxGL.model.Jctts)
2020-03-03 14:45:51,210 INFO [org.springframework.web.servlet.mvc.method.annotation.RequestMappingHandlerMapping-547]- Mapped "{[/jcttsUploads],methods=[POST],consumes=[multipart/form-data]}" onto public java.util.Map<java.lang.String, java.lang.String> com.alonginfo.psmpportal.ZlxxGL.controller.JcttsController.upload(org.springframework.web.multipart.MultipartFile)
2020-03-03 14:45:51,210 INFO [org.springframework.web.servlet.mvc.method.annotation.RequestMappingHandlerMapping-547]- Mapped "{[/jcttss/{id}],methods=[GET]}" onto public com.alonginfo.psmpportal.ZlxxGL.model.Jctts com.alonginfo.psmpportal.ZlxxGL.controller.JcttsController.queryOneJctts(java.lang.String)
2020-03-03 14:45:51,226 INFO [org.springframework.web.servlet.mvc.method.annotation.RequestMappingHandlerMapping-547]- Mapped "{[/jcttss],methods=[POST]}" onto public int com.alonginfo.psmpportal.ZlxxGL.controller.JcttsController.createJctts(com.alonginfo.psmpportal.ZlxxGL.model.Jctts)
2020-03-03 14:45:51,226 INFO [org.springframework.web.servlet.mvc.method.annotation.RequestMappingHandlerMapping-547]- Mapped "{[/jcttss],methods=[PUT]}" onto public int com.alonginfo.psmpportal.ZlxxGL.controller.JcttsController.updateJctts(com.alonginfo.psmpportal.ZlxxGL.model.Jctts)
2020-03-03 14:45:51,226 INFO [org.springframework.web.servlet.mvc.method.annotation.RequestMappingHandlerMapping-547]- Mapped "{[/jcttss/{id}],methods=[DELETE]}" onto public int com.alonginfo.psmpportal.ZlxxGL.controller.JcttsController.deletejctts(java.lang.String)
2020-03-03 14:45:51,226 INFO [org.springframework.web.servlet.mvc.method.annotation.RequestMappingHandlerMapping-547]- Mapped "{[/materials],methods=[DELETE]}" onto public int com.alonginfo.psmpportal.ZlxxGL.controller.ZlxxGLController.deleteZlxxs(java.lang.String[])
2020-03-03 14:45:51,226 INFO [org.springframework.web.servlet.mvc.method.annotation.RequestMappingHandlerMapping-547]- Mapped "{[/materials],methods=[PUT]}" onto public int com.alonginfo.psmpportal.ZlxxGL.controller.ZlxxGLController.updateIZlxx(com.alonginfo.psmpportal.ZlxxGL.model.ZlxxGL)
2020-03-03 14:45:51,226 INFO [org.springframework.web.servlet.mvc.method.annotation.RequestMappingHandlerMapping-547]- Mapped "{[/materials],methods=[POST]}" onto public int com.alonginfo.psmpportal.ZlxxGL.controller.ZlxxGLController.createZlxx(com.alonginfo.psmpportal.ZlxxGL.model.ZlxxGL)
2020-03-03 14:45:51,226 INFO [org.springframework.web.servlet.mvc.method.annotation.RequestMappingHandlerMapping-547]- Mapped "{[/materials/{id}],methods=[GET]}" onto public com.alonginfo.psmpportal.ZlxxGL.model.ZlxxGL com.alonginfo.psmpportal.ZlxxGL.controller.ZlxxGLController.queryOneZlxx(java.lang.String)
2020-03-03 14:45:51,226 INFO [org.springframework.web.servlet.mvc.method.annotation.RequestMappingHandlerMapping-547]- Mapped "{[/materials/{id}],methods=[DELETE]}" onto public int com.alonginfo.psmpportal.ZlxxGL.controller.ZlxxGLController.deleteZlxx(java.lang.String)
2020-03-03 14:45:51,226 INFO [org.springframework.web.servlet.mvc.method.annotation.RequestMappingHandlerMapping-547]- Mapped "{[/materials],methods=[GET]}" onto public java.util.Map<java.lang.String, java.lang.Object> com.alonginfo.psmpportal.ZlxxGL.controller.ZlxxGLController.queryList(java.lang.Integer,java.lang.Integer,com.alonginfo.psmpportal.ZlxxGL.model.ZlxxGL)
2020-03-03 14:45:51,226 INFO [org.springframework.web.servlet.mvc.method.annotation.RequestMappingHandlerMapping-547]- Mapped "{[/materialUploads],methods=[POST],consumes=[multipart/form-data]}" onto public java.util.Map<java.lang.String, java.lang.String> com.alonginfo.psmpportal.ZlxxGL.controller.ZlxxGLController.upload(org.springframework.web.multipart.MultipartFile)
2020-03-03 14:45:51,226 INFO [org.springframework.web.servlet.mvc.method.annotation.RequestMappingHandlerMapping-547]- Mapped "{[/error]}" onto public void com.alonginfo.psmpcore.exception.MyErrorController.errorHandler()
2020-03-03 14:45:51,257 INFO [org.springframework.web.servlet.handler.SimpleUrlHandlerMapping-373]- Mapped URL path [/webjars/**] onto handler of type [class org.springframework.web.servlet.resource.ResourceHttpRequestHandler]
2020-03-03 14:45:51,257 INFO [org.springframework.web.servlet.handler.SimpleUrlHandlerMapping-373]- Mapped URL path [/**] onto handler of type [class org.springframework.web.servlet.resource.ResourceHttpRequestHandler]
2020-03-03 14:45:51,273 INFO [org.springframework.web.servlet.mvc.method.annotation.ExceptionHandlerExceptionResolver-288]- Detected @ExceptionHandler methods in globalExceptionHandler
2020-03-03 14:45:51,273 INFO [org.springframework.web.servlet.mvc.method.annotation.ExceptionHandlerExceptionResolver-294]- Detected ResponseBodyAdvice implementation in responseJsonAdvice
2020-03-03 14:45:52,973 INFO [org.springframework.jmx.export.annotation.AnnotationMBeanExporter-433]- Registering beans for JMX exposure on startup
2020-03-03 14:45:52,988 INFO [org.springframework.jmx.export.annotation.AnnotationMBeanExporter-895]- Bean with name 'dataSource' has been autodetected for JMX exposure
2020-03-03 14:45:52,988 INFO [org.springframework.jmx.export.annotation.AnnotationMBeanExporter-895]- Bean with name 'refreshScope' has been autodetected for JMX exposure
2020-03-03 14:45:52,988 INFO [org.springframework.jmx.export.annotation.AnnotationMBeanExporter-895]- Bean with name 'configurationPropertiesRebinder' has been autodetected for JMX exposure
2020-03-03 14:45:52,988 INFO [org.springframework.jmx.export.annotation.AnnotationMBeanExporter-895]- Bean with name 'environmentManager' has been autodetected for JMX exposure
2020-03-03 14:45:52,988 INFO [org.springframework.jmx.export.annotation.AnnotationMBeanExporter-675]- Located managed bean 'environmentManager': registering with JMX server as MBean [org.springframework.cloud.context.environment:name=environmentManager,type=EnvironmentManager]
2020-03-03 14:45:53,004 INFO [org.springframework.jmx.export.annotation.AnnotationMBeanExporter-675]- Located managed bean 'refreshScope': registering with JMX server as MBean [org.springframework.cloud.context.scope.refresh:name=refreshScope,type=RefreshScope]
2020-03-03 14:45:53,020 INFO [org.springframework.jmx.export.annotation.AnnotationMBeanExporter-675]- Located managed bean 'configurationPropertiesRebinder': registering with JMX server as MBean [org.springframework.cloud.context.properties:name=configurationPropertiesRebinder,context=1afdd473,type=ConfigurationPropertiesRebinder]
2020-03-03 14:45:53,035 INFO [org.springframework.jmx.export.annotation.AnnotationMBeanExporter-668]- Located MBean 'dataSource': registering with JMX server as MBean [com.alibaba.druid.pool:name=dataSource,type=DruidDataSource]
2020-03-03 14:45:53,035 INFO [org.springframework.context.support.DefaultLifecycleProcessor-351]- Starting beans in phase 0
2020-03-03 14:45:53,035 INFO [org.springframework.cloud.netflix.eureka.InstanceInfoFactory-71]- Setting initial instance status as: STARTING
2020-03-03 14:45:53,083 INFO [com.netflix.discovery.DiscoveryClient-349]- Initializing Eureka in region us-east-1
2020-03-03 14:45:53,208 INFO [com.netflix.discovery.provider.DiscoveryJerseyProvider-70]- Using JSON encoding codec LegacyJacksonJson
2020-03-03 14:45:53,208 INFO [com.netflix.discovery.provider.DiscoveryJerseyProvider-71]- Using JSON decoding codec LegacyJacksonJson
2020-03-03 14:45:53,350 INFO [com.netflix.discovery.provider.DiscoveryJerseyProvider-80]- Using XML encoding codec XStreamXml
2020-03-03 14:45:53,350 INFO [com.netflix.discovery.provider.DiscoveryJerseyProvider-81]- Using XML decoding codec XStreamXml
2020-03-03 14:45:53,573 INFO [com.netflix.discovery.shared.resolver.aws.ConfigClusterResolver-43]- Resolving eureka endpoints via configuration
2020-03-03 14:45:53,842 INFO [com.netflix.discovery.DiscoveryClient-958]- Disable delta property : false
2020-03-03 14:45:53,843 INFO [com.netflix.discovery.DiscoveryClient-959]- Single vip registry refresh property : null
2020-03-03 14:45:53,843 INFO [com.netflix.discovery.DiscoveryClient-960]- Force full registry fetch : false
2020-03-03 14:45:53,844 INFO [com.netflix.discovery.DiscoveryClient-961]- Application is null : false
2020-03-03 14:45:53,844 INFO [com.netflix.discovery.DiscoveryClient-962]- Registered Applications size is zero : true
2020-03-03 14:45:53,844 INFO [com.netflix.discovery.DiscoveryClient-964]- Application version is -1: true
2020-03-03 14:45:53,844 INFO [com.netflix.discovery.DiscoveryClient-1047]- Getting all instance registry info from the eureka server
2020-03-03 14:45:54,052 INFO [com.netflix.discovery.DiscoveryClient-1056]- The response status is 200
2020-03-03 14:45:54,052 INFO [com.netflix.discovery.DiscoveryClient-1264]- Starting heartbeat executor: renew interval is: 30
2020-03-03 14:45:54,052 INFO [com.netflix.discovery.InstanceInfoReplicator-60]- InstanceInfoReplicator onDemand update allowed rate per min is 4
2020-03-03 14:45:54,052 INFO [com.netflix.discovery.DiscoveryClient-449]- Discovery Client initialized at timestamp 1583217954052 with initial instances count: 1
2020-03-03 14:45:54,068 INFO [org.springframework.cloud.netflix.eureka.serviceregistry.EurekaServiceRegistry-42]- Registering application psmp-portal with eureka with status UP
2020-03-03 14:45:54,068 INFO [com.netflix.discovery.DiscoveryClient-1299]- Saw local status change event StatusChangeEvent [timestamp=1583217954068, current=UP, previous=STARTING]
2020-03-03 14:45:54,068 INFO [com.netflix.discovery.DiscoveryClient-826]- DiscoveryClient_PSMP-PORTAL/lxx:psmp-portal:8081: registering service...
2020-03-03 14:45:54,083 INFO [org.apache.coyote.http11.Http11NioProtocol-180]- Starting ProtocolHandler ["http-nio-8081"]
2020-03-03 14:45:54,099 INFO [org.apache.tomcat.util.net.NioSelectorPool-180]- Using a shared selector for servlet write/read
2020-03-03 14:45:54,130 INFO [org.springframework.boot.web.embedded.tomcat.TomcatWebServer-206]- Tomcat started on port(s): 8081 (http) with context path '/portal'
2020-03-03 14:45:54,130 INFO [org.springframework.cloud.netflix.eureka.serviceregistry.EurekaAutoServiceRegistration-124]- Updating port to 8081
2020-03-03 14:45:54,130 INFO [com.alonginfo.psmpportal.PsmpPortalApplication-59]- Started PsmpPortalApplication in 11.919 seconds (JVM running for 14.34)
2020-03-03 14:45:54,146 INFO [com.netflix.discovery.DiscoveryClient-835]- DiscoveryClient_PSMP-PORTAL/lxx:psmp-portal:8081 - registration status: 204
2020-03-03 14:46:50,454 INFO [org.apache.catalina.core.ContainerBase.[Tomcat].[localhost].[/portal]-180]- Initializing Spring FrameworkServlet 'dispatcherServlet'
2020-03-03 14:46:50,455 INFO [org.springframework.web.servlet.DispatcherServlet-494]- FrameworkServlet 'dispatcherServlet': initialization started
2020-03-03 14:46:50,486 INFO [org.springframework.web.servlet.DispatcherServlet-509]- FrameworkServlet 'dispatcherServlet': initialization completed in 30 ms
2020-03-03 14:50:53,847 INFO [com.netflix.discovery.shared.resolver.aws.ConfigClusterResolver-43]- Resolving eureka endpoints via configuration
2020-03-03 14:55:53,851 INFO [com.netflix.discovery.shared.resolver.aws.ConfigClusterResolver-43]- Resolving eureka endpoints via configuration
2020-03-03 14:56:54,535 INFO [com.netflix.discovery.DiscoveryClient-850]- DiscoveryClient_PSMP-PORTAL/lxx:psmp-portal:8081 - Re-registering apps/PSMP-PORTAL
2020-03-03 14:56:54,536 INFO [com.netflix.discovery.DiscoveryClient-826]- DiscoveryClient_PSMP-PORTAL/lxx:psmp-portal:8081: registering service...
2020-03-03 14:56:54,549 INFO [com.netflix.discovery.DiscoveryClient-835]- DiscoveryClient_PSMP-PORTAL/lxx:psmp-portal:8081 - registration status: 204
2020-03-03 14:57:24,530 INFO [com.netflix.discovery.DiscoveryClient-958]- Disable delta property : false
2020-03-03 14:57:24,531 INFO [com.netflix.discovery.DiscoveryClient-959]- Single vip registry refresh property : null
2020-03-03 14:57:24,533 INFO [com.netflix.discovery.DiscoveryClient-960]- Force full registry fetch : false
2020-03-03 14:57:24,533 INFO [com.netflix.discovery.DiscoveryClient-961]- Application is null : false
2020-03-03 14:57:24,534 INFO [com.netflix.discovery.DiscoveryClient-962]- Registered Applications size is zero : true
2020-03-03 14:57:24,535 INFO [com.netflix.discovery.DiscoveryClient-964]- Application version is -1: false
2020-03-03 14:57:24,536 INFO [com.netflix.discovery.DiscoveryClient-1047]- Getting all instance registry info from the eureka server
2020-03-03 14:57:24,549 INFO [com.netflix.discovery.DiscoveryClient-1056]- The response status is 200
2020-03-03 15:00:53,855 INFO [com.netflix.discovery.shared.resolver.aws.ConfigClusterResolver-43]- Resolving eureka endpoints via configuration
2020-03-03 15:05:53,856 INFO [com.netflix.discovery.shared.resolver.aws.ConfigClusterResolver-43]- Resolving eureka endpoints via configuration
2020-03-03 15:10:53,858 INFO [com.netflix.discovery.shared.resolver.aws.ConfigClusterResolver-43]- Resolving eureka endpoints via configuration
2020-03-03 15:15:53,861 INFO [com.netflix.discovery.shared.resolver.aws.ConfigClusterResolver-43]- Resolving eureka endpoints via configuration
2020-03-03 15:20:53,863 INFO [com.netflix.discovery.shared.resolver.aws.ConfigClusterResolver-43]- Resolving eureka endpoints via configuration
2020-03-03 15:25:53,865 INFO [com.netflix.discovery.shared.resolver.aws.ConfigClusterResolver-43]- Resolving eureka endpoints via configuration
2020-03-03 15:30:53,867 INFO [com.netflix.discovery.shared.resolver.aws.ConfigClusterResolver-43]- Resolving eureka endpoints via configuration
2020-03-03 15:35:53,870 INFO [com.netflix.discovery.shared.resolver.aws.ConfigClusterResolver-43]- Resolving eureka endpoints via configuration
2020-03-03 15:40:53,875 INFO [com.netflix.discovery.shared.resolver.aws.ConfigClusterResolver-43]- Resolving eureka endpoints via configuration
2020-03-03 15:45:53,877 INFO [com.netflix.discovery.shared.resolver.aws.ConfigClusterResolver-43]- Resolving eureka endpoints via configuration
2020-03-03 15:50:53,879 INFO [com.netflix.discovery.shared.resolver.aws.ConfigClusterResolver-43]- Resolving eureka endpoints via configuration
2020-03-03 15:55:53,881 INFO [com.netflix.discovery.shared.resolver.aws.ConfigClusterResolver-43]- Resolving eureka endpoints via configuration
2020-03-03 16:00:53,884 INFO [com.netflix.discovery.shared.resolver.aws.ConfigClusterResolver-43]- Resolving eureka endpoints via configuration
2020-03-03 16:05:53,887 INFO [com.netflix.discovery.shared.resolver.aws.ConfigClusterResolver-43]- Resolving eureka endpoints via configuration
2020-03-03 16:10:53,889 INFO [com.netflix.discovery.shared.resolver.aws.ConfigClusterResolver-43]- Resolving eureka endpoints via configuration
2020-03-03 16:15:53,891 INFO [com.netflix.discovery.shared.resolver.aws.ConfigClusterResolver-43]- Resolving eureka endpoints via configuration
2020-03-03 16:20:53,896 INFO [com.netflix.discovery.shared.resolver.aws.ConfigClusterResolver-43]- Resolving eureka endpoints via configuration
2020-03-03 16:25:53,901 INFO [com.netflix.discovery.shared.resolver.aws.ConfigClusterResolver-43]- Resolving eureka endpoints via configuration
2020-03-03 16:30:53,906 INFO [com.netflix.discovery.shared.resolver.aws.ConfigClusterResolver-43]- Resolving eureka endpoints via configuration
2020-03-03 20:55:27,370 INFO [com.netflix.discovery.shared.resolver.aws.ConfigClusterResolver-43]- Resolving eureka endpoints via configuration
2020-03-03 21:00:27,372 INFO [com.netflix.discovery.shared.resolver.aws.ConfigClusterResolver-43]- Resolving eureka endpoints via configuration
2020-03-03 21:05:27,387 INFO [com.netflix.discovery.shared.resolver.aws.ConfigClusterResolver-43]- Resolving eureka endpoints via configuration
2020-03-03 21:10:27,390 INFO [com.netflix.discovery.shared.resolver.aws.ConfigClusterResolver-43]- Resolving eureka endpoints via configuration
2020-03-03 21:15:27,396 INFO [com.netflix.discovery.shared.resolver.aws.ConfigClusterResolver-43]- Resolving eureka endpoints via configuration
2020-03-03 21:20:27,401 INFO [com.netflix.discovery.shared.resolver.aws.ConfigClusterResolver-43]- Resolving eureka endpoints via configuration
2020-03-03 21:25:27,406 INFO [com.netflix.discovery.shared.resolver.aws.ConfigClusterResolver-43]- Resolving eureka endpoints via configuration
2020-03-03 21:30:27,411 INFO [com.netflix.discovery.shared.resolver.aws.ConfigClusterResolver-43]- Resolving eureka endpoints via configuration
